<?xml version="1.0" encoding="utf-8"?><testsuites name="pytest tests"><testsuite name="pytest" errors="0" failures="2" skipped="0" tests="11" time="3.020" timestamp="2025-12-13T22:34:21.301245+05:30" hostname="HP-i5"><testcase classname="tests.test_config" name="test_load_config_prefers_cwd" time="0.021" /><testcase classname="tests.test_dispatcher" name="test_dispatch_calls_listener" time="0.002" /><testcase classname="tests.test_dispatcher" name="test_unregister_listener" time="0.001" /><testcase classname="tests.test_joystick" name="test_list_joysticks_with_fake_pygame" time="0.002"><failure message="AttributeError: 'types.SimpleNamespace' object has no attribute 'init'">monkeypatch = &lt;_pytest.monkeypatch.MonkeyPatch object at 0x0000012FF5219BA0&gt;

    def test_list_joysticks_with_fake_pygame(monkeypatch):
        # fake pygame module
        class FakeJS:
            def __init__(self, idx):
                self._idx = idx
    
            def init(self):
                pass
    
            def get_name(self):
                return f"JS-{self._idx}"
    
            def get_numbuttons(self):
                return 2
    
        fake_joystick = SimpleNamespace(
            get_count=lambda: 1,
            Joystick=lambda i: FakeJS(i)
        )
    
        fake_pygame = SimpleNamespace(
            init=lambda: None,
            joystick=fake_joystick
        )
    
        monkeypatch.setattr('buttonbox_syncer.joystick.pygame', fake_pygame)
    
        jm = JoystickMonitor({}, EventDispatcher())
&gt;       lst = jm.list_joysticks()
              ^^^^^^^^^^^^^^^^^^^

tests\test_joystick.py:36: 
_ _ _ _ _ _ _ _ _ _ _ _ _ _ _ _ _ _ _ _ _ _ _ _ _ _ _ _ _ _ _ _ _ _ _ _ _ _ _ _ _ _ _ _ _ _ _ _ _ _ _ _ _ _ _ _ _ _ _

self = &lt;JoystickMonitor(Thread-1, initial daemon)&gt;

    def list_joysticks(self):
        pygame.init()
&gt;       pygame.joystick.init()
        ^^^^^^^^^^^^^^^^^^^^
E       AttributeError: 'types.SimpleNamespace' object has no attribute 'init'

buttonbox_syncer\joystick.py:20: AttributeError</failure></testcase><testcase classname="tests.test_joystick" name="test_run_dispatches_button_change" time="0.073"><failure message="assert False&#10; +  where False = any(&lt;generator object test_run_dispatches_button_change.&lt;locals&gt;.&lt;genexpr&gt; at 0x0000012FFE7DAB50&gt;)">monkeypatch = &lt;_pytest.monkeypatch.MonkeyPatch object at 0x0000012FF3779910&gt;

    def test_run_dispatches_button_change(monkeypatch):
        # create a fake joystick that changes state once
        class FakeJSRun:
            def __init__(self):
                self._calls = 0
    
            def init(self):
                pass
    
            def get_numbuttons(self):
                return 1
    
            def get_button(self, b):
                # first call: 0, second: 1, then always 1
                self._calls += 1
                return 0 if self._calls == 1 else 1
    
        fake_joystick = SimpleNamespace(
            get_count=lambda: 1,
            Joystick=lambda i: FakeJSRun()
        )
    
        fake_pygame = SimpleNamespace(
            init=lambda: None,
            joystick=fake_joystick,
            event=SimpleNamespace(pump=lambda: None)
        )
    
        monkeypatch.setattr('buttonbox_syncer.joystick.pygame', fake_pygame)
    
        disp = EventDispatcher()
        events = []
        disp.register('button_changed', lambda js_idx, b_idx, state: events.append((js_idx, b_idx, state)))
    
        jm = JoystickMonitor({}, disp, selected_index=0, poll_interval=0.01)
        # run in background
        jm.start()
        time.sleep(0.05)
        jm.stop()
        time.sleep(0.02)
&gt;       assert any(evt[1] == 0 and evt[2] is True for evt in events)
E       assert False
E        +  where False = any(&lt;generator object test_run_dispatches_button_change.&lt;locals&gt;.&lt;genexpr&gt; at 0x0000012FFE7DAB50&gt;)

tests\test_joystick.py:81: AssertionError</failure></testcase><testcase classname="tests.test_logger" name="test_logger_respects_levels" time="0.002" /><testcase classname="tests.test_syncer" name="test_sync_manager_presses_key_on_mismatch" time="0.152" /><testcase classname="tests.test_syncer" name="test_sync_manager_sends_combo_for_list_key" time="0.152" /><testcase classname="tests.test_telemetry" name="test_telemetry_poller_dispatches" time="0.073" /><testcase classname="tests.test_utils" name="test_get_nested_value_found" time="0.002" /><testcase classname="tests.test_utils" name="test_get_nested_value_missing" time="0.002" /></testsuite></testsuites>